<?xml version="1.0" encoding="UTF-8"?>
<testsuites name="TC_CO" time="2.453" tests="1" failures="0" errors="1">
   <testsuite name="TC_CO" tests="1" failures="0" errors="1" time="2.453" skipped="0" timestamp="2026-01-06T04:15:42.673Z" hostname="Administrator - WINDOWS-10" id="Test Suites/TC_CO">
      <properties>
         <property name="deviceName" value=""/>
         <property name="devicePlatform"/>
         <property name="logFolder" value="C:\\Users\\Administrator\\git\\magiq\\Reports\\20260106_111537\\TC_CO\\20260106_111538"/>
         <property name="logFiles" value="C:\\Users\\Administrator\\git\\magiq\\Reports\\20260106_111537\\TC_CO\\20260106_111538\\console0.log, C:\\Users\\Administrator\\git\\magiq\\Reports\\20260106_111537\\TC_CO\\20260106_111538\\execution0.log"/>
         <property name="attachments" value=""/>
         <property name="userFullName" value="Cong Thanh"/>
         <property name="hostName" value="Administrator - WINDOWS-10"/>
         <property name="hostAddress" value="192.168.126.20"/>
         <property name="projectName" value="magiq"/>
         <property name="os" value="Windows 10 64bit"/>
         <property name="katalonVersion" value="10.4.2.0"/>
      </properties>
      <testcase name="Test Cases/CO/TC1.1" time="0.238" classname="Test Cases/CO/TC1.1" status="ERROR">
         <error type="ERROR" message="Test Cases/CO/TC1.1 FAILED.&#xa;Reason:&#xa;org.codehaus.groovy.control.MultipleCompilationErrorsException: startup failed:&#xa;file:/C:/Users/Administrator/git/magiq/Scripts/CO/TC1.1/Script1767670064994.groovy: 50: unable to resolve class WebDriver&#xa; @ line 50, column 11.&#xa;   WebDriver driver = DriverFactory.getWebDriver()&#xa;             ^&#xa;&#xa;file:/C:/Users/Administrator/git/magiq/Scripts/CO/TC1.1/Script1767670064994.groovy: 51: unable to resolve class WebElement&#xa; @ line 51, column 12.&#xa;   WebElement bodyEl = driver.findElement(By.tagName(&quot;body&quot;))&#xa;              ^&#xa;&#xa;file:/C:/Users/Administrator/git/magiq/Scripts/CO/TC1.1/Script1767670064994.groovy: 52: unable to resolve class Actions&#xa; @ line 52, column 9.&#xa;   Actions actions = new Actions(driver)&#xa;           ^&#xa;&#xa;file:/C:/Users/Administrator/git/magiq/Scripts/CO/TC1.1/Script1767670064994.groovy: 52: unable to resolve class Actions&#xa; @ line 52, column 19.&#xa;   Actions actions = new Actions(driver)&#xa;                     ^&#xa;&#xa;4 errors&#xa;&#xa;	at com.kms.katalon.core.main.ScriptEngine.getScript(ScriptEngine.java:199)&#xa;	at com.kms.katalon.core.main.ScriptEngine.run(ScriptEngine.java:194)&#xa;	at com.kms.katalon.core.main.ScriptEngine.runScriptAsRawText(ScriptEngine.java:119)&#xa;	at com.kms.katalon.core.main.TestCaseExecutor.runScript(TestCaseExecutor.java:490)&#xa;	at com.kms.katalon.core.main.TestCaseExecutor.doExecute(TestCaseExecutor.java:481)&#xa;	at com.kms.katalon.core.main.TestCaseExecutor.processExecutionPhase(TestCaseExecutor.java:460)&#xa;	at com.kms.katalon.core.main.TestCaseExecutor.accessMainPhase(TestCaseExecutor.java:452)&#xa;	at com.kms.katalon.core.main.TestCaseExecutor.execute(TestCaseExecutor.java:322)&#xa;	at com.kms.katalon.core.main.TestCaseExecutor.execute(TestCaseExecutor.java:410)&#xa;	at com.kms.katalon.core.main.TestCaseExecutor.execute(TestCaseExecutor.java:410)&#xa;	at com.kms.katalon.core.main.TestCaseExecutor.execute(TestCaseExecutor.java:410)&#xa;	at com.kms.katalon.core.common.CommonExecutor.accessTestCaseMainPhase(CommonExecutor.java:71)&#xa;	at com.kms.katalon.core.main.TestSuiteExecutor.accessTestSuiteMainPhase(TestSuiteExecutor.java:153)&#xa;	at com.kms.katalon.core.main.TestSuiteExecutor.execute(TestSuiteExecutor.java:110)&#xa;	at com.kms.katalon.core.main.TestCaseMain.startTestSuite(TestCaseMain.java:205)&#xa;	at TempTestSuite1767672938860.run(TempTestSuite1767672938860.groovy:35)&#xa;	at java.base/jdk.internal.reflect.NativeMethodAccessorImpl.invoke0(Native Method)&#xa;	at java.base/jdk.internal.reflect.NativeMethodAccessorImpl.invoke(NativeMethodAccessorImpl.java:77)&#xa;	at java.base/jdk.internal.reflect.DelegatingMethodAccessorImpl.invoke(DelegatingMethodAccessorImpl.java:43)&#xa;"/>
         <system-out><![CDATA[06-01-2026T11:15:44 - [TEST_CASE][ERROR] - Test Cases/CO/TC1.1: Test Cases/CO/TC1.1 FAILED.
Reason:
org.codehaus.groovy.control.MultipleCompilationErrorsException: startup failed:
file:/C:/Users/Administrator/git/magiq/Scripts/CO/TC1.1/Script1767670064994.groovy: 50: unable to resolve class WebDriver
 @ line 50, column 11.
   WebDriver driver = DriverFactory.getWebDriver()
             ^

file:/C:/Users/Administrator/git/magiq/Scripts/CO/TC1.1/Script1767670064994.groovy: 51: unable to resolve class WebElement
 @ line 51, column 12.
   WebElement bodyEl = driver.findElement(By.tagName("body"))
              ^

file:/C:/Users/Administrator/git/magiq/Scripts/CO/TC1.1/Script1767670064994.groovy: 52: unable to resolve class Actions
 @ line 52, column 9.
   Actions actions = new Actions(driver)
           ^

file:/C:/Users/Administrator/git/magiq/Scripts/CO/TC1.1/Script1767670064994.groovy: 52: unable to resolve class Actions
 @ line 52, column 19.
   Actions actions = new Actions(driver)
                     ^

4 errors

	at com.kms.katalon.core.main.ScriptEngine.getScript(ScriptEngine.java:199)
	at com.kms.katalon.core.main.ScriptEngine.run(ScriptEngine.java:194)
	at com.kms.katalon.core.main.ScriptEngine.runScriptAsRawText(ScriptEngine.java:119)
	at com.kms.katalon.core.main.TestCaseExecutor.runScript(TestCaseExecutor.java:490)
	at com.kms.katalon.core.main.TestCaseExecutor.doExecute(TestCaseExecutor.java:481)
	at com.kms.katalon.core.main.TestCaseExecutor.processExecutionPhase(TestCaseExecutor.java:460)
	at com.kms.katalon.core.main.TestCaseExecutor.accessMainPhase(TestCaseExecutor.java:452)
	at com.kms.katalon.core.main.TestCaseExecutor.execute(TestCaseExecutor.java:322)
	at com.kms.katalon.core.main.TestCaseExecutor.execute(TestCaseExecutor.java:410)
	at com.kms.katalon.core.main.TestCaseExecutor.execute(TestCaseExecutor.java:410)
	at com.kms.katalon.core.main.TestCaseExecutor.execute(TestCaseExecutor.java:410)
	at com.kms.katalon.core.common.CommonExecutor.accessTestCaseMainPhase(CommonExecutor.java:71)
	at com.kms.katalon.core.main.TestSuiteExecutor.accessTestSuiteMainPhase(TestSuiteExecutor.java:153)
	at com.kms.katalon.core.main.TestSuiteExecutor.execute(TestSuiteExecutor.java:110)
	at com.kms.katalon.core.main.TestCaseMain.startTestSuite(TestCaseMain.java:205)
	at TempTestSuite1767672938860.run(TempTestSuite1767672938860.groovy:35)
	at java.base/jdk.internal.reflect.NativeMethodAccessorImpl.invoke0(Native Method)
	at java.base/jdk.internal.reflect.NativeMethodAccessorImpl.invoke(NativeMethodAccessorImpl.java:77)
	at java.base/jdk.internal.reflect.DelegatingMethodAccessorImpl.invoke(DelegatingMethodAccessorImpl.java:43)]]></system-out>
         <system-err><![CDATA[06-01-2026T11:15:44 - [TEST_CASE][ERROR] - Test Cases/CO/TC1.1: Test Cases/CO/TC1.1 FAILED.
Reason:
org.codehaus.groovy.control.MultipleCompilationErrorsException: startup failed:
file:/C:/Users/Administrator/git/magiq/Scripts/CO/TC1.1/Script1767670064994.groovy: 50: unable to resolve class WebDriver
 @ line 50, column 11.
   WebDriver driver = DriverFactory.getWebDriver()
             ^

file:/C:/Users/Administrator/git/magiq/Scripts/CO/TC1.1/Script1767670064994.groovy: 51: unable to resolve class WebElement
 @ line 51, column 12.
   WebElement bodyEl = driver.findElement(By.tagName("body"))
              ^

file:/C:/Users/Administrator/git/magiq/Scripts/CO/TC1.1/Script1767670064994.groovy: 52: unable to resolve class Actions
 @ line 52, column 9.
   Actions actions = new Actions(driver)
           ^

file:/C:/Users/Administrator/git/magiq/Scripts/CO/TC1.1/Script1767670064994.groovy: 52: unable to resolve class Actions
 @ line 52, column 19.
   Actions actions = new Actions(driver)
                     ^

4 errors

	at com.kms.katalon.core.main.ScriptEngine.getScript(ScriptEngine.java:199)
	at com.kms.katalon.core.main.ScriptEngine.run(ScriptEngine.java:194)
	at com.kms.katalon.core.main.ScriptEngine.runScriptAsRawText(ScriptEngine.java:119)
	at com.kms.katalon.core.main.TestCaseExecutor.runScript(TestCaseExecutor.java:490)
	at com.kms.katalon.core.main.TestCaseExecutor.doExecute(TestCaseExecutor.java:481)
	at com.kms.katalon.core.main.TestCaseExecutor.processExecutionPhase(TestCaseExecutor.java:460)
	at com.kms.katalon.core.main.TestCaseExecutor.accessMainPhase(TestCaseExecutor.java:452)
	at com.kms.katalon.core.main.TestCaseExecutor.execute(TestCaseExecutor.java:322)
	at com.kms.katalon.core.main.TestCaseExecutor.execute(TestCaseExecutor.java:410)
	at com.kms.katalon.core.main.TestCaseExecutor.execute(TestCaseExecutor.java:410)
	at com.kms.katalon.core.main.TestCaseExecutor.execute(TestCaseExecutor.java:410)
	at com.kms.katalon.core.common.CommonExecutor.accessTestCaseMainPhase(CommonExecutor.java:71)
	at com.kms.katalon.core.main.TestSuiteExecutor.accessTestSuiteMainPhase(TestSuiteExecutor.java:153)
	at com.kms.katalon.core.main.TestSuiteExecutor.execute(TestSuiteExecutor.java:110)
	at com.kms.katalon.core.main.TestCaseMain.startTestSuite(TestCaseMain.java:205)
	at TempTestSuite1767672938860.run(TempTestSuite1767672938860.groovy:35)
	at java.base/jdk.internal.reflect.NativeMethodAccessorImpl.invoke0(Native Method)
	at java.base/jdk.internal.reflect.NativeMethodAccessorImpl.invoke(NativeMethodAccessorImpl.java:77)
	at java.base/jdk.internal.reflect.DelegatingMethodAccessorImpl.invoke(DelegatingMethodAccessorImpl.java:43)]]></system-err>
      </testcase>
      <system-out><![CDATA[06-01-2026T11:15:42 - [TEST_SUITE][ERROR] - TC_CO: null]]></system-out>
      <system-err><![CDATA[06-01-2026T11:15:42 - [TEST_SUITE][ERROR] - TC_CO: null]]></system-err>
   </testsuite>
</testsuites>
