<?xml version="1.0" encoding="UTF-8"?>
<testsuites name="TS_HOM" time="13.828" tests="1" failures="0" errors="0">
   <testsuite name="TS_HOM" tests="1" failures="0" errors="0" time="13.828" skipped="0" timestamp="2026-01-29T09:10:47.591Z" hostname="Administrator - WINDOWS-10" id="Test Suites/TS_HOM">
      <properties>
         <property name="deviceName" value=""/>
         <property name="devicePlatform"/>
         <property name="logFolder" value="C:\\Users\\Administrator\\git\\magiq\\Reports\\20260129_161041\\TS_HOM\\20260129_161041"/>
         <property name="logFiles" value="C:\\Users\\Administrator\\git\\magiq\\Reports\\20260129_161041\\TS_HOM\\20260129_161041\\console0.log, C:\\Users\\Administrator\\git\\magiq\\Reports\\20260129_161041\\TS_HOM\\20260129_161041\\execution0.log"/>
         <property name="attachments" value=""/>
         <property name="hostName" value="Administrator - WINDOWS-10"/>
         <property name="os" value="Windows 10 64bit"/>
         <property name="katalonVersion" value="10.4.2.0"/>
         <property name="browser" value="Chrome 144.0.7559.98"/>
         <property name="userFullName" value="Cong Thanh"/>
         <property name="hostAddress" value="192.168.126.20"/>
         <property name="sessionId" value="2c4633a9c3c943c814d7c162098d746c"/>
         <property name="projectName" value="magiq"/>
         <property name="seleniumVersion" value="4.34.0"/>
         <property name="proxyInformation" value="ProxyInformation { proxyOption=NO_PROXY, proxyServerType=HTTP, username=, password=********, proxyServerAddress=, proxyServerPort=0, executionList=&quot;&quot;, isApplyToDesiredCapabilities=true }"/>
         <property name="platform" value="Windows 10"/>
      </properties>
      <testcase name="Test Cases/HOM/TC_HOM_03" time="12.193" classname="Test Cases/HOM/TC_HOM_03" status="PASSED">
         <system-out><![CDATA[29-01-2026T16:10:49 - [TEST_CASE][PASSED] - Test Cases/HOM/TC_HOM_03: Test Cases/HOM/TC_HOM_03

29-01-2026T16:10:49 - [TEST_STEP][PASSED] - openBrowser(""): Browser is opened with url: ''

29-01-2026T16:10:49 - [MESSAGE][INFO] - Starting 'Chrome' driver

29-01-2026T16:10:49 - [MESSAGE][INFO] - User set preference: ['args', '[--user-data-dir=C:\QA\Profiles\KatalonChrome, --profile-directory=Default]']

29-01-2026T16:10:49 - [MESSAGE][INFO] - Action delay is set to 0 milliseconds

29-01-2026T16:10:52 - [MESSAGE][PASSED] - Browser is opened with url: ''

29-01-2026T16:10:52 - [TEST_STEP][PASSED] - navigateToUrl("https://qa.engagement.magiqdev.cloud/organisation"): Navigate to 'https://qa.engagement.magiqdev.cloud/organisation' successfully

29-01-2026T16:10:54 - [MESSAGE][PASSED] - Navigate to 'https://qa.engagement.magiqdev.cloud/organisation' successfully

29-01-2026T16:10:54 - [TEST_STEP][PASSED] - waitForElementVisible(findTestObject("HOM/btn_hide_menu_items"), 60): Object 'Object Repository/HOM/btn_hide_menu_items' is visible

29-01-2026T16:11:00 - [MESSAGE][PASSED] - Object 'Object Repository/HOM/btn_hide_menu_items' is visible

29-01-2026T16:11:00 - [TEST_STEP][PASSED] - click(findTestObject("HOM/btn_hide_menu_items")): Object: 'Object Repository/HOM/btn_hide_menu_items' is clicked on

29-01-2026T16:11:01 - [MESSAGE][PASSED] - Object: 'Object Repository/HOM/btn_hide_menu_items' is clicked on]]></system-out>
         <system-err><![CDATA[]]></system-err>
      </testcase>
      <system-out><![CDATA[29-01-2026T16:10:47 - [TEST_SUITE][PASSED] - TS_HOM: null]]></system-out>
      <system-err><![CDATA[]]></system-err>
   </testsuite>
</testsuites>
